<?xml version="1.0" encoding="UTF-8"?>
<!-- Generated by org.testng.reporters.JUnitReportReporter -->
<testsuite hostname="retina.dellroad.org" name="org.dellroad.hl7.XMLConverterTest" tests="4" failures="0" timestamp="12 Dec 2014 19:39:24 GMT" time="0.109" errors="0">
  <testcase name="testStreamXML" time="0.007" classname="org.dellroad.hl7.XMLConverterTest"/>
  <testcase name="testXML" time="0.006" classname="org.dellroad.hl7.XMLConverterTest"/>
  <testcase name="testXML" time="0.094" classname="org.dellroad.hl7.XMLConverterTest"/>
  <testcase name="testStreamXML" time="0.002" classname="org.dellroad.hl7.XMLConverterTest"/>
</testsuite> <!-- org.dellroad.hl7.XMLConverterTest -->
