<?xml version="1.0" encoding="UTF-8"?>
<!-- Generated by org.testng.reporters.JUnitReportReporter -->
<testsuite hostname="macbook.dellroad.org" name="org.dellroad.hl7.HL7UtilTest" tests="12" failures="0" timestamp="30 Dec 2011 03:37:43 GMT" time="0.002" errors="0">
  <testcase name="testFind" time="0.000" classname="org.dellroad.hl7.HL7UtilTest"/>
  <testcase name="testFind" time="0.001" classname="org.dellroad.hl7.HL7UtilTest"/>
  <testcase name="testFind" time="0.000" classname="org.dellroad.hl7.HL7UtilTest"/>
  <testcase name="testFind" time="0.000" classname="org.dellroad.hl7.HL7UtilTest"/>
  <testcase name="testFind" time="0.000" classname="org.dellroad.hl7.HL7UtilTest"/>
  <testcase name="testFind" time="0.000" classname="org.dellroad.hl7.HL7UtilTest"/>
  <testcase name="testFind" time="0.000" classname="org.dellroad.hl7.HL7UtilTest"/>
  <testcase name="testFind" time="0.001" classname="org.dellroad.hl7.HL7UtilTest"/>
  <testcase name="testFind" time="0.000" classname="org.dellroad.hl7.HL7UtilTest"/>
  <testcase name="testFind" time="0.000" classname="org.dellroad.hl7.HL7UtilTest"/>
  <testcase name="testFind" time="0.000" classname="org.dellroad.hl7.HL7UtilTest"/>
  <testcase name="testFind" time="0.000" classname="org.dellroad.hl7.HL7UtilTest"/>
</testsuite>
