<?xml version="1.0" encoding="UTF-8"?>
<!-- Generated by org.testng.reporters.JUnitReportReporter -->
<testsuite hostname="macbook.dellroad.org" name="org.dellroad.hl7.llp.LLPStreamTest" tests="3" failures="0" timestamp="30 Dec 2011 03:37:43 GMT" time="0.082" errors="0">
  <testcase name="testInput" time="0.075" classname="org.dellroad.hl7.llp.LLPStreamTest"/>
  <testcase name="testOutput" time="0.006" classname="org.dellroad.hl7.llp.LLPStreamTest"/>
  <testcase name="testMaxLength" time="0.001" classname="org.dellroad.hl7.llp.LLPStreamTest"/>
</testsuite>
