<?xml version="1.0" encoding="UTF-8"?>
<!-- Generated by org.testng.reporters.JUnitReportReporter -->
<testsuite hostname="macbook.dellroad.org" name="org.dellroad.hl7.XMLConverterTest" tests="2" failures="0" timestamp="30 Dec 2011 03:37:43 GMT" time="0.052" errors="0">
  <testcase name="testXML" time="0.008" classname="org.dellroad.hl7.XMLConverterTest"/>
  <testcase name="testXML" time="0.044" classname="org.dellroad.hl7.XMLConverterTest"/>
</testsuite>
