<?xml version="1.0" encoding="UTF-8"?>
<!-- Generated by org.testng.reporters.JUnitReportReporter -->
<testsuite hostname="retina.dellroad.org" name="org.dellroad.hl7.XMLConverterTest" tests="2" failures="0" timestamp="19 Sep 2014 19:05:42 GMT" time="0.084" errors="0">
  <testcase name="testXML" time="0.078" classname="org.dellroad.hl7.XMLConverterTest"/>
  <testcase name="testXML" time="0.006" classname="org.dellroad.hl7.XMLConverterTest"/>
</testsuite> <!-- org.dellroad.hl7.XMLConverterTest -->
