<?xml version="1.0" encoding="UTF-8"?>
<!-- Generated by org.testng.reporters.JUnitReportReporter -->
<testsuite hostname="macbook.dellroad.org" name="org.dellroad.hl7.io.HL7FileReaderTest" tests="1" failures="0" timestamp="30 Dec 2011 03:37:43 GMT" time="0.020" errors="0">
  <testcase name="testInput" time="0.020" classname="org.dellroad.hl7.io.HL7FileReaderTest"/>
</testsuite>
