<?xml version="1.0" encoding="UTF-8"?>
<!-- Generated by org.testng.reporters.JUnitReportReporter -->
<testsuite hostname="macbook.dellroad.org" name="org.dellroad.hl7.llp.LLPStreamTest" tests="3" failures="0" timestamp="3 May 2012 18:05:13 GMT" time="0.091" errors="0">
  <testcase name="testInput" time="0.086" classname="org.dellroad.hl7.llp.LLPStreamTest"/>
  <testcase name="testMaxLength" time="0.000" classname="org.dellroad.hl7.llp.LLPStreamTest"/>
  <testcase name="testOutput" time="0.005" classname="org.dellroad.hl7.llp.LLPStreamTest"/>
</testsuite>
