<?xml version="1.0" encoding="UTF-8"?>
<!-- Generated by org.testng.reporters.JUnitReportReporter -->
<testsuite hostname="macbook.dellroad.org" name="org.dellroad.hl7.HL7MessageTest" tests="94" failures="0" timestamp="3 May 2012 18:05:13 GMT" time="0.054" errors="0">
  <testcase name="testGet" time="0.007" classname="org.dellroad.hl7.HL7MessageTest"/>
  <testcase name="testGet" time="0.000" classname="org.dellroad.hl7.HL7MessageTest"/>
  <testcase name="testGetField" time="0.000" classname="org.dellroad.hl7.HL7MessageTest"/>
  <testcase name="testGetField" time="0.000" classname="org.dellroad.hl7.HL7MessageTest"/>
  <testcase name="testGet" time="0.000" classname="org.dellroad.hl7.HL7MessageTest"/>
  <testcase name="testGet" time="0.000" classname="org.dellroad.hl7.HL7MessageTest"/>
  <testcase name="testGet" time="0.000" classname="org.dellroad.hl7.HL7MessageTest"/>
  <testcase name="testGet" time="0.000" classname="org.dellroad.hl7.HL7MessageTest"/>
  <testcase name="testGetField" time="0.000" classname="org.dellroad.hl7.HL7MessageTest"/>
  <testcase name="testGet" time="0.001" classname="org.dellroad.hl7.HL7MessageTest"/>
  <testcase name="testGet" time="0.000" classname="org.dellroad.hl7.HL7MessageTest"/>
  <testcase name="testGet" time="0.001" classname="org.dellroad.hl7.HL7MessageTest"/>
  <testcase name="testGetField" time="0.000" classname="org.dellroad.hl7.HL7MessageTest"/>
  <testcase name="testGet" time="0.000" classname="org.dellroad.hl7.HL7MessageTest"/>
  <testcase name="testGet" time="0.000" classname="org.dellroad.hl7.HL7MessageTest"/>
  <testcase name="testGet" time="0.000" classname="org.dellroad.hl7.HL7MessageTest"/>
  <testcase name="testGetField" time="0.000" classname="org.dellroad.hl7.HL7MessageTest"/>
  <testcase name="testGet" time="0.000" classname="org.dellroad.hl7.HL7MessageTest"/>
  <testcase name="testGet" time="0.000" classname="org.dellroad.hl7.HL7MessageTest"/>
  <testcase name="testGetField" time="0.000" classname="org.dellroad.hl7.HL7MessageTest"/>
  <testcase name="testGet" time="0.000" classname="org.dellroad.hl7.HL7MessageTest"/>
  <testcase name="testGetField" time="0.000" classname="org.dellroad.hl7.HL7MessageTest"/>
  <testcase name="testGet" time="0.001" classname="org.dellroad.hl7.HL7MessageTest"/>
  <testcase name="testGetField" time="0.001" classname="org.dellroad.hl7.HL7MessageTest"/>
  <testcase name="testGet" time="0.000" classname="org.dellroad.hl7.HL7MessageTest"/>
  <testcase name="testGet" time="0.000" classname="org.dellroad.hl7.HL7MessageTest"/>
  <testcase name="testGetField" time="0.000" classname="org.dellroad.hl7.HL7MessageTest"/>
  <testcase name="testGet" time="0.000" classname="org.dellroad.hl7.HL7MessageTest"/>
  <testcase name="testGet" time="0.000" classname="org.dellroad.hl7.HL7MessageTest"/>
  <testcase name="testGet" time="0.001" classname="org.dellroad.hl7.HL7MessageTest"/>
  <testcase name="testGetField" time="0.000" classname="org.dellroad.hl7.HL7MessageTest"/>
  <testcase name="testGetField" time="0.000" classname="org.dellroad.hl7.HL7MessageTest"/>
  <testcase name="testGetField" time="0.000" classname="org.dellroad.hl7.HL7MessageTest"/>
  <testcase name="testGet" time="0.000" classname="org.dellroad.hl7.HL7MessageTest"/>
  <testcase name="testGet" time="0.001" classname="org.dellroad.hl7.HL7MessageTest"/>
  <testcase name="testGet" time="0.000" classname="org.dellroad.hl7.HL7MessageTest"/>
  <testcase name="testGet" time="0.000" classname="org.dellroad.hl7.HL7MessageTest"/>
  <testcase name="testHBOCWorkaround" time="0.020" classname="org.dellroad.hl7.HL7MessageTest"/>
  <testcase name="testGet" time="0.000" classname="org.dellroad.hl7.HL7MessageTest"/>
  <testcase name="testGetField" time="0.000" classname="org.dellroad.hl7.HL7MessageTest"/>
  <testcase name="testFindSegment" time="0.000" classname="org.dellroad.hl7.HL7MessageTest"/>
  <testcase name="testGet" time="0.001" classname="org.dellroad.hl7.HL7MessageTest"/>
  <testcase name="testGet" time="0.000" classname="org.dellroad.hl7.HL7MessageTest"/>
  <testcase name="testGet" time="0.000" classname="org.dellroad.hl7.HL7MessageTest"/>
  <testcase name="testGet" time="0.000" classname="org.dellroad.hl7.HL7MessageTest"/>
  <testcase name="testGet" time="0.000" classname="org.dellroad.hl7.HL7MessageTest"/>
  <testcase name="testGet" time="0.000" classname="org.dellroad.hl7.HL7MessageTest"/>
  <testcase name="testGet" time="0.000" classname="org.dellroad.hl7.HL7MessageTest"/>
  <testcase name="testGet" time="0.000" classname="org.dellroad.hl7.HL7MessageTest"/>
  <testcase name="testGet" time="0.000" classname="org.dellroad.hl7.HL7MessageTest"/>
  <testcase name="testGet" time="0.000" classname="org.dellroad.hl7.HL7MessageTest"/>
  <testcase name="testGet" time="0.001" classname="org.dellroad.hl7.HL7MessageTest"/>
  <testcase name="testGet" time="0.000" classname="org.dellroad.hl7.HL7MessageTest"/>
  <testcase name="testGet" time="0.001" classname="org.dellroad.hl7.HL7MessageTest"/>
  <testcase name="testGet" time="0.000" classname="org.dellroad.hl7.HL7MessageTest"/>
  <testcase name="testGet" time="0.001" classname="org.dellroad.hl7.HL7MessageTest"/>
  <testcase name="testGet" time="0.000" classname="org.dellroad.hl7.HL7MessageTest"/>
  <testcase name="testGetField" time="0.000" classname="org.dellroad.hl7.HL7MessageTest"/>
  <testcase name="testGet" time="0.000" classname="org.dellroad.hl7.HL7MessageTest"/>
  <testcase name="testGet" time="0.000" classname="org.dellroad.hl7.HL7MessageTest"/>
  <testcase name="testGet" time="0.000" classname="org.dellroad.hl7.HL7MessageTest"/>
  <testcase name="testGet" time="0.000" classname="org.dellroad.hl7.HL7MessageTest"/>
  <testcase name="testGetField" time="0.000" classname="org.dellroad.hl7.HL7MessageTest"/>
  <testcase name="testGet" time="0.000" classname="org.dellroad.hl7.HL7MessageTest"/>
  <testcase name="testGetField" time="0.000" classname="org.dellroad.hl7.HL7MessageTest"/>
  <testcase name="testGetField" time="0.000" classname="org.dellroad.hl7.HL7MessageTest"/>
  <testcase name="testGet" time="0.000" classname="org.dellroad.hl7.HL7MessageTest"/>
  <testcase name="testGet" time="0.001" classname="org.dellroad.hl7.HL7MessageTest"/>
  <testcase name="testGet" time="0.000" classname="org.dellroad.hl7.HL7MessageTest"/>
  <testcase name="testGetField" time="0.000" classname="org.dellroad.hl7.HL7MessageTest"/>
  <testcase name="testGet" time="0.000" classname="org.dellroad.hl7.HL7MessageTest"/>
  <testcase name="testGet" time="0.000" classname="org.dellroad.hl7.HL7MessageTest"/>
  <testcase name="testGet" time="0.000" classname="org.dellroad.hl7.HL7MessageTest"/>
  <testcase name="testGetField" time="0.001" classname="org.dellroad.hl7.HL7MessageTest"/>
  <testcase name="testGet" time="0.001" classname="org.dellroad.hl7.HL7MessageTest"/>
  <testcase name="testGet" time="0.000" classname="org.dellroad.hl7.HL7MessageTest"/>
  <testcase name="testGet" time="0.000" classname="org.dellroad.hl7.HL7MessageTest"/>
  <testcase name="testGet" time="0.000" classname="org.dellroad.hl7.HL7MessageTest"/>
  <testcase name="testGet" time="0.001" classname="org.dellroad.hl7.HL7MessageTest"/>
  <testcase name="testGet" time="0.000" classname="org.dellroad.hl7.HL7MessageTest"/>
  <testcase name="testGet" time="0.000" classname="org.dellroad.hl7.HL7MessageTest"/>
  <testcase name="testGet" time="0.000" classname="org.dellroad.hl7.HL7MessageTest"/>
  <testcase name="testGet" time="0.001" classname="org.dellroad.hl7.HL7MessageTest"/>
  <testcase name="testGet" time="0.000" classname="org.dellroad.hl7.HL7MessageTest"/>
  <testcase name="testGet" time="0.000" classname="org.dellroad.hl7.HL7MessageTest"/>
  <testcase name="testGet" time="0.000" classname="org.dellroad.hl7.HL7MessageTest"/>
  <testcase name="testGet" time="0.000" classname="org.dellroad.hl7.HL7MessageTest"/>
  <testcase name="testGetField" time="0.001" classname="org.dellroad.hl7.HL7MessageTest"/>
  <testcase name="testGet" time="0.000" classname="org.dellroad.hl7.HL7MessageTest"/>
  <testcase name="testGet" time="0.000" classname="org.dellroad.hl7.HL7MessageTest"/>
  <testcase name="testParseConstructor" time="0.011" classname="org.dellroad.hl7.HL7MessageTest"/>
  <testcase name="testGet" time="0.000" classname="org.dellroad.hl7.HL7MessageTest"/>
  <testcase name="testGet" time="0.000" classname="org.dellroad.hl7.HL7MessageTest"/>
  <testcase name="testGetField" time="0.000" classname="org.dellroad.hl7.HL7MessageTest"/>
</testsuite>
