<?xml version="1.0" encoding="UTF-8"?>
<!-- Generated by org.testng.reporters.JUnitReportReporter -->
<testsuite hostname="macbook.dellroad.org" name="org.dellroad.hl7.MSHSegmentTest" tests="25" failures="0" timestamp="30 Dec 2011 03:37:43 GMT" time="0.025" errors="0">
  <testcase name="testParseConstructor" time="0.009" classname="org.dellroad.hl7.MSHSegmentTest"/>
  <testcase name="testParseConstructor" time="0.000" classname="org.dellroad.hl7.MSHSegmentTest"/>
  <testcase name="testParseConstructor" time="0.000" classname="org.dellroad.hl7.MSHSegmentTest"/>
  <testcase name="testInvalid" time="0.000" classname="org.dellroad.hl7.MSHSegmentTest"/>
  <testcase name="testFields" time="0.000" classname="org.dellroad.hl7.MSHSegmentTest"/>
  <testcase name="testFields" time="0.000" classname="org.dellroad.hl7.MSHSegmentTest"/>
  <testcase name="testFields" time="0.000" classname="org.dellroad.hl7.MSHSegmentTest"/>
  <testcase name="testParseConstructor" time="0.001" classname="org.dellroad.hl7.MSHSegmentTest"/>
  <testcase name="testParseConstructor" time="0.000" classname="org.dellroad.hl7.MSHSegmentTest"/>
  <testcase name="testCopyConstructor" time="0.000" classname="org.dellroad.hl7.MSHSegmentTest"/>
  <testcase name="testFields" time="0.001" classname="org.dellroad.hl7.MSHSegmentTest"/>
  <testcase name="testParseConstructor" time="0.000" classname="org.dellroad.hl7.MSHSegmentTest"/>
  <testcase name="testFields" time="0.001" classname="org.dellroad.hl7.MSHSegmentTest"/>
  <testcase name="testFields" time="0.000" classname="org.dellroad.hl7.MSHSegmentTest"/>
  <testcase name="testParseConstructor" time="0.000" classname="org.dellroad.hl7.MSHSegmentTest"/>
  <testcase name="testFields" time="0.000" classname="org.dellroad.hl7.MSHSegmentTest"/>
  <testcase name="testACK" time="0.012" classname="org.dellroad.hl7.MSHSegmentTest"/>
  <testcase name="testParseConstructor" time="0.000" classname="org.dellroad.hl7.MSHSegmentTest"/>
  <testcase name="testConstructor" time="0.001" classname="org.dellroad.hl7.MSHSegmentTest"/>
  <testcase name="testFields" time="0.000" classname="org.dellroad.hl7.MSHSegmentTest"/>
  <testcase name="testParseConstructor" time="0.000" classname="org.dellroad.hl7.MSHSegmentTest"/>
  <testcase name="testParseConstructor" time="0.000" classname="org.dellroad.hl7.MSHSegmentTest"/>
  <testcase name="testParseConstructor" time="0.000" classname="org.dellroad.hl7.MSHSegmentTest"/>
  <testcase name="testFields" time="0.000" classname="org.dellroad.hl7.MSHSegmentTest"/>
  <testcase name="testParseConstructor" time="0.000" classname="org.dellroad.hl7.MSHSegmentTest"/>
</testsuite>
