<?xml version="1.0" encoding="UTF-8"?>
<!-- Generated by org.testng.reporters.JUnitReportReporter -->
<testsuite hostname="macbook.dellroad.org" name="org.dellroad.hl7.HL7SegmentTest" tests="8" failures="0" timestamp="3 May 2012 18:05:13 GMT" time="0.029" errors="0">
  <testcase name="testParseConstructor" time="0.000" classname="org.dellroad.hl7.HL7SegmentTest"/>
  <testcase name="testParseConstructor" time="0.002" classname="org.dellroad.hl7.HL7SegmentTest"/>
  <testcase name="testParseConstructor" time="0.002" classname="org.dellroad.hl7.HL7SegmentTest"/>
  <testcase name="testParseConstructor" time="0.001" classname="org.dellroad.hl7.HL7SegmentTest"/>
  <testcase name="testInvalid" time="0.023" classname="org.dellroad.hl7.HL7SegmentTest"/>
  <testcase name="testParseConstructor" time="0.000" classname="org.dellroad.hl7.HL7SegmentTest"/>
  <testcase name="testParseConstructor" time="0.000" classname="org.dellroad.hl7.HL7SegmentTest"/>
  <testcase name="testParseConstructor" time="0.001" classname="org.dellroad.hl7.HL7SegmentTest"/>
</testsuite>
