<?xml version="1.0" encoding="UTF-8"?>
<!-- Generated by org.testng.reporters.JUnitReportReporter -->
<testsuite hostname="retina.dellroad.org" name="org.dellroad.hl7.MSHSegmentTest" tests="25" failures="0" timestamp="19 Sep 2014 19:05:42 GMT" time="0.020" errors="0">
  <testcase name="testACK" time="0.016" classname="org.dellroad.hl7.MSHSegmentTest"/>
  <testcase name="testParseConstructor" time="0.000" classname="org.dellroad.hl7.MSHSegmentTest"/>
  <testcase name="testParseConstructor" time="0.000" classname="org.dellroad.hl7.MSHSegmentTest"/>
  <testcase name="testFields" time="0.000" classname="org.dellroad.hl7.MSHSegmentTest"/>
  <testcase name="testParseConstructor" time="0.001" classname="org.dellroad.hl7.MSHSegmentTest"/>
  <testcase name="testParseConstructor" time="0.000" classname="org.dellroad.hl7.MSHSegmentTest"/>
  <testcase name="testParseConstructor" time="0.000" classname="org.dellroad.hl7.MSHSegmentTest"/>
  <testcase name="testFields" time="0.000" classname="org.dellroad.hl7.MSHSegmentTest"/>
  <testcase name="testFields" time="0.001" classname="org.dellroad.hl7.MSHSegmentTest"/>
  <testcase name="testParseConstructor" time="0.000" classname="org.dellroad.hl7.MSHSegmentTest"/>
  <testcase name="testFields" time="0.000" classname="org.dellroad.hl7.MSHSegmentTest"/>
  <testcase name="testFields" time="0.000" classname="org.dellroad.hl7.MSHSegmentTest"/>
  <testcase name="testParseConstructor" time="0.000" classname="org.dellroad.hl7.MSHSegmentTest"/>
  <testcase name="testFields" time="0.000" classname="org.dellroad.hl7.MSHSegmentTest"/>
  <testcase name="testParseConstructor" time="0.000" classname="org.dellroad.hl7.MSHSegmentTest"/>
  <testcase name="testCopyConstructor" time="0.000" classname="org.dellroad.hl7.MSHSegmentTest"/>
  <testcase name="testInvalid" time="0.000" classname="org.dellroad.hl7.MSHSegmentTest"/>
  <testcase name="testFields" time="0.000" classname="org.dellroad.hl7.MSHSegmentTest"/>
  <testcase name="testParseConstructor" time="0.000" classname="org.dellroad.hl7.MSHSegmentTest"/>
  <testcase name="testConstructor" time="0.001" classname="org.dellroad.hl7.MSHSegmentTest"/>
  <testcase name="testParseConstructor" time="0.000" classname="org.dellroad.hl7.MSHSegmentTest"/>
  <testcase name="testParseConstructor" time="0.000" classname="org.dellroad.hl7.MSHSegmentTest"/>
  <testcase name="testFields" time="0.000" classname="org.dellroad.hl7.MSHSegmentTest"/>
  <testcase name="testFields" time="0.000" classname="org.dellroad.hl7.MSHSegmentTest"/>
  <testcase name="testParseConstructor" time="0.001" classname="org.dellroad.hl7.MSHSegmentTest"/>
</testsuite> <!-- org.dellroad.hl7.MSHSegmentTest -->
