<?xml version="1.0" encoding="UTF-8"?>
<!-- Generated by org.testng.reporters.JUnitReportReporter -->
<testsuite hostname="retina.dellroad.org" name="org.dellroad.hl7.io.HL7FileReaderTest" tests="1" failures="0" timestamp="19 Sep 2014 19:05:42 GMT" time="0.005" errors="0">
  <testcase name="testInput" time="0.005" classname="org.dellroad.hl7.io.HL7FileReaderTest"/>
</testsuite> <!-- org.dellroad.hl7.io.HL7FileReaderTest -->
