<?xml version="1.0" encoding="UTF-8"?>
<!-- Generated by org.testng.reporters.JUnitReportReporter -->
<testsuite hostname="retina.dellroad.org" name="org.dellroad.hl7.HL7SegmentTest" tests="8" failures="0" timestamp="19 Sep 2014 19:05:42 GMT" time="0.001" errors="0">
  <testcase name="testParseConstructor" time="0.000" classname="org.dellroad.hl7.HL7SegmentTest"/>
  <testcase name="testParseConstructor" time="0.000" classname="org.dellroad.hl7.HL7SegmentTest"/>
  <testcase name="testParseConstructor" time="0.000" classname="org.dellroad.hl7.HL7SegmentTest"/>
  <testcase name="testParseConstructor" time="0.000" classname="org.dellroad.hl7.HL7SegmentTest"/>
  <testcase name="testParseConstructor" time="0.001" classname="org.dellroad.hl7.HL7SegmentTest"/>
  <testcase name="testParseConstructor" time="0.000" classname="org.dellroad.hl7.HL7SegmentTest"/>
  <testcase name="testInvalid" time="0.000" classname="org.dellroad.hl7.HL7SegmentTest"/>
  <testcase name="testParseConstructor" time="0.000" classname="org.dellroad.hl7.HL7SegmentTest"/>
</testsuite> <!-- org.dellroad.hl7.HL7SegmentTest -->
