<?xml version="1.0" encoding="UTF-8"?>
<!-- Generated by org.testng.reporters.JUnitReportReporter -->
<testsuite hostname="macbook.dellroad.org" name="org.dellroad.hl7.XMLConverterTest" tests="2" failures="0" timestamp="3 May 2012 18:05:13 GMT" time="0.103" errors="0">
  <testcase name="testXML" time="0.096" classname="org.dellroad.hl7.XMLConverterTest"/>
  <testcase name="testXML" time="0.007" classname="org.dellroad.hl7.XMLConverterTest"/>
</testsuite>
