<?xml version="1.0" encoding="UTF-8"?>
<!-- Generated by org.testng.reporters.JUnitReportReporter -->
<testsuite hostname="retina.dellroad.org" name="org.dellroad.hl7.HL7FieldTest" tests="15" failures="0" timestamp="19 Sep 2014 19:05:42 GMT" time="0.001" errors="0">
  <testcase name="testRepeated" time="0.000" classname="org.dellroad.hl7.HL7FieldTest"/>
  <testcase name="testExceptions" time="0.000" classname="org.dellroad.hl7.HL7FieldTest"/>
  <testcase name="testSimple" time="0.001" classname="org.dellroad.hl7.HL7FieldTest"/>
  <testcase name="testComplex" time="0.000" classname="org.dellroad.hl7.HL7FieldTest"/>
  <testcase name="testSimple" time="0.000" classname="org.dellroad.hl7.HL7FieldTest"/>
  <testcase name="testSimple" time="0.000" classname="org.dellroad.hl7.HL7FieldTest"/>
  <testcase name="testSimple" time="0.000" classname="org.dellroad.hl7.HL7FieldTest"/>
  <testcase name="testEmpty" time="0.000" classname="org.dellroad.hl7.HL7FieldTest"/>
  <testcase name="testRepeated" time="0.000" classname="org.dellroad.hl7.HL7FieldTest"/>
  <testcase name="testComplex" time="0.000" classname="org.dellroad.hl7.HL7FieldTest"/>
  <testcase name="testRepeated" time="0.000" classname="org.dellroad.hl7.HL7FieldTest"/>
  <testcase name="testRepeated" time="0.000" classname="org.dellroad.hl7.HL7FieldTest"/>
  <testcase name="testRepeated" time="0.000" classname="org.dellroad.hl7.HL7FieldTest"/>
  <testcase name="testRepeated" time="0.000" classname="org.dellroad.hl7.HL7FieldTest"/>
  <testcase name="testSimple" time="0.000" classname="org.dellroad.hl7.HL7FieldTest"/>
</testsuite> <!-- org.dellroad.hl7.HL7FieldTest -->
