<?xml version="1.0" encoding="UTF-8"?>
<!-- Generated by org.testng.reporters.JUnitReportReporter -->
<testsuite hostname="macbook.dellroad.org" name="org.dellroad.hl7.HL7SepsTest" tests="62" failures="0" timestamp="30 Dec 2011 03:37:43 GMT" time="0.034" errors="0">
  <testcase name="testEscape" time="0.001" classname="org.dellroad.hl7.HL7SepsTest"/>
  <testcase name="testEscapeReverse" time="0.000" classname="org.dellroad.hl7.HL7SepsTest"/>
  <testcase name="testEscape" time="0.000" classname="org.dellroad.hl7.HL7SepsTest"/>
  <testcase name="testEscape" time="0.001" classname="org.dellroad.hl7.HL7SepsTest"/>
  <testcase name="testEscapeReverse" time="0.001" classname="org.dellroad.hl7.HL7SepsTest"/>
  <testcase name="testEscapeReverse" time="0.000" classname="org.dellroad.hl7.HL7SepsTest"/>
  <testcase name="testEscapeReverse" time="0.001" classname="org.dellroad.hl7.HL7SepsTest"/>
  <testcase name="testToString" time="0.000" classname="org.dellroad.hl7.HL7SepsTest"/>
  <testcase name="testEscapeReverse" time="0.000" classname="org.dellroad.hl7.HL7SepsTest"/>
  <testcase name="testEscape" time="0.000" classname="org.dellroad.hl7.HL7SepsTest"/>
  <testcase name="testUnescape" time="0.000" classname="org.dellroad.hl7.HL7SepsTest"/>
  <testcase name="testEscapeReverse" time="0.001" classname="org.dellroad.hl7.HL7SepsTest"/>
  <testcase name="testUnescape" time="0.000" classname="org.dellroad.hl7.HL7SepsTest"/>
  <testcase name="testEscapeFail" time="0.001" classname="org.dellroad.hl7.HL7SepsTest"/>
  <testcase name="testUnescape" time="0.000" classname="org.dellroad.hl7.HL7SepsTest"/>
  <testcase name="testEscapeReverse" time="0.000" classname="org.dellroad.hl7.HL7SepsTest"/>
  <testcase name="testUnescape" time="0.001" classname="org.dellroad.hl7.HL7SepsTest"/>
  <testcase name="testUnescape" time="0.000" classname="org.dellroad.hl7.HL7SepsTest"/>
  <testcase name="testEscape" time="0.000" classname="org.dellroad.hl7.HL7SepsTest"/>
  <testcase name="testEscape" time="0.000" classname="org.dellroad.hl7.HL7SepsTest"/>
  <testcase name="testEscape" time="0.003" classname="org.dellroad.hl7.HL7SepsTest"/>
  <testcase name="testEscape" time="0.000" classname="org.dellroad.hl7.HL7SepsTest"/>
  <testcase name="testEscapeReverse" time="0.000" classname="org.dellroad.hl7.HL7SepsTest"/>
  <testcase name="testEscape" time="0.000" classname="org.dellroad.hl7.HL7SepsTest"/>
  <testcase name="testEscapeReverse" time="0.001" classname="org.dellroad.hl7.HL7SepsTest"/>
  <testcase name="testEscapeReverse" time="0.000" classname="org.dellroad.hl7.HL7SepsTest"/>
  <testcase name="testEscapeReverse" time="0.000" classname="org.dellroad.hl7.HL7SepsTest"/>
  <testcase name="testEscape" time="0.010" classname="org.dellroad.hl7.HL7SepsTest"/>
  <testcase name="testToString" time="0.000" classname="org.dellroad.hl7.HL7SepsTest"/>
  <testcase name="testEscapeReverse" time="0.000" classname="org.dellroad.hl7.HL7SepsTest"/>
  <testcase name="testEscape" time="0.000" classname="org.dellroad.hl7.HL7SepsTest"/>
  <testcase name="testEscape" time="0.000" classname="org.dellroad.hl7.HL7SepsTest"/>
  <testcase name="testEscape" time="0.000" classname="org.dellroad.hl7.HL7SepsTest"/>
  <testcase name="testEscape" time="0.000" classname="org.dellroad.hl7.HL7SepsTest"/>
  <testcase name="testEscape" time="0.001" classname="org.dellroad.hl7.HL7SepsTest"/>
  <testcase name="testEscapeReverse" time="0.000" classname="org.dellroad.hl7.HL7SepsTest"/>
  <testcase name="testUnescape" time="0.001" classname="org.dellroad.hl7.HL7SepsTest"/>
  <testcase name="testEscapeReverse" time="0.000" classname="org.dellroad.hl7.HL7SepsTest"/>
  <testcase name="testUnescape" time="0.000" classname="org.dellroad.hl7.HL7SepsTest"/>
  <testcase name="testEscapeReverse" time="0.001" classname="org.dellroad.hl7.HL7SepsTest"/>
  <testcase name="testEscape" time="0.001" classname="org.dellroad.hl7.HL7SepsTest"/>
  <testcase name="testEscapeReverse" time="0.000" classname="org.dellroad.hl7.HL7SepsTest"/>
  <testcase name="testEscapeReverse" time="0.000" classname="org.dellroad.hl7.HL7SepsTest"/>
  <testcase name="testEscapeReverse" time="0.000" classname="org.dellroad.hl7.HL7SepsTest"/>
  <testcase name="testEscapeReverse" time="0.001" classname="org.dellroad.hl7.HL7SepsTest"/>
  <testcase name="testEscapeReverse" time="0.000" classname="org.dellroad.hl7.HL7SepsTest"/>
  <testcase name="testToString" time="0.000" classname="org.dellroad.hl7.HL7SepsTest"/>
  <testcase name="testEscapeReverse" time="0.000" classname="org.dellroad.hl7.HL7SepsTest"/>
  <testcase name="testBogus" time="0.001" classname="org.dellroad.hl7.HL7SepsTest"/>
  <testcase name="testEscape" time="0.000" classname="org.dellroad.hl7.HL7SepsTest"/>
  <testcase name="testToString" time="0.000" classname="org.dellroad.hl7.HL7SepsTest"/>
  <testcase name="testEscape" time="0.000" classname="org.dellroad.hl7.HL7SepsTest"/>
  <testcase name="testEscape" time="0.000" classname="org.dellroad.hl7.HL7SepsTest"/>
  <testcase name="testEscapeReverse" time="0.001" classname="org.dellroad.hl7.HL7SepsTest"/>
  <testcase name="testEscape" time="0.000" classname="org.dellroad.hl7.HL7SepsTest"/>
  <testcase name="testEscapeReverse" time="0.000" classname="org.dellroad.hl7.HL7SepsTest"/>
  <testcase name="testEscape" time="0.001" classname="org.dellroad.hl7.HL7SepsTest"/>
  <testcase name="testUnescape" time="0.001" classname="org.dellroad.hl7.HL7SepsTest"/>
  <testcase name="testDefault" time="0.003" classname="org.dellroad.hl7.HL7SepsTest"/>
  <testcase name="testEscape" time="0.001" classname="org.dellroad.hl7.HL7SepsTest"/>
  <testcase name="testUnescape" time="0.000" classname="org.dellroad.hl7.HL7SepsTest"/>
  <testcase name="testEscape" time="0.000" classname="org.dellroad.hl7.HL7SepsTest"/>
</testsuite>
