<?xml version="1.0" encoding="UTF-8"?>
<!-- Generated by org.testng.reporters.JUnitReportReporter -->
<testsuite hostname="retina.dellroad.org" name="org.dellroad.hl7.llp.LLPStreamTest" tests="3" failures="0" timestamp="12 Dec 2014 19:39:24 GMT" time="0.007" errors="0">
  <testcase name="testInput" time="0.003" classname="org.dellroad.hl7.llp.LLPStreamTest"/>
  <testcase name="testOutput" time="0.003" classname="org.dellroad.hl7.llp.LLPStreamTest"/>
  <testcase name="testMaxLength" time="0.001" classname="org.dellroad.hl7.llp.LLPStreamTest"/>
</testsuite> <!-- org.dellroad.hl7.llp.LLPStreamTest -->
